This file contains any messages produced by compilers while
running configure, to aid debugging if configure makes a mistake.

It was created by configure, which was
generated by GNU Autoconf 2.61.  Invocation command line was

  $ ./configure 

## --------- ##
## Platform. ##
## --------- ##

hostname = sbdeMacBook-Pro.local
uname -m = x86_64
uname -r = 16.5.0
uname -s = Darwin
uname -v = Darwin Kernel Version 16.5.0: Fri Mar  3 16:52:33 PST 2017; root:xnu-3789.51.2~3/RELEASE_X86_64

/usr/bin/uname -p = i386
/bin/uname -X     = unknown

/bin/arch              = unknown
/usr/bin/arch -k       = unknown
/usr/convex/getsysinfo = unknown
/usr/bin/hostinfo      = Mach kernel version:
	 Darwin Kernel Version 16.5.0: Fri Mar  3 16:52:33 PST 2017; root:xnu-3789.51.2~3/RELEASE_X86_64
Kernel configured for up to 4 processors.
2 processors are physically available.
4 processors are logically available.
Processor type: x86_64h (Intel x86-64h Haswell)
Processors active: 0 1 2 3
Primary memory available: 8.00 gigabytes
Default processor set: 323 tasks, 1084 threads, 4 processors
Load average: 1.30, Mach factor: 2.71
/bin/machine           = unknown
/usr/bin/oslevel       = unknown
/bin/universe          = unknown

PATH: /Users/sb/perl5/bin
PATH: /Users/sb/.rvm/gems/ruby-2.4.0/bin
PATH: /Users/sb/.rvm/gems/ruby-2.4.0@global/bin
PATH: /Users/sb/.rvm/rubies/ruby-2.4.0/bin
PATH: /Users/sb/perl5/bin
PATH: /usr/local/bin
PATH: /usr/bin
PATH: /bin
PATH: /usr/sbin
PATH: /sbin
PATH: /usr/local/MacGPG2/bin
PATH: /Users/sb/.rvm/gems/ruby-2.4.0/bin
PATH: /Users/sb/.rvm/gems/ruby-2.4.0@global/bin
PATH: /Users/sb/.rvm/rubies/ruby-2.4.0/bin
PATH: /Users/sb/perl5/bin
PATH: /Users/sb/.rvm/bin
PATH: /Users/sb/.rvm/bin
PATH: /Users/sb/.rvm/bin


## ----------- ##
## Core tests. ##
## ----------- ##

configure:1737: checking build system type
configure:1755: result: i386-apple-darwin16.5.0
configure:1777: checking host system type
configure:1792: result: i386-apple-darwin16.5.0
configure:1874: checking for gcc
configure:1890: found /usr/bin/gcc
configure:1901: result: gcc
configure:2139: checking for C compiler version
configure:2146: gcc --version >&5
Configured with: --prefix=/Applications/Xcode.app/Contents/Developer/usr --with-gxx-include-dir=/usr/include/c++/4.2.1
Apple LLVM version 8.1.0 (clang-802.0.42)
Target: x86_64-apple-darwin16.5.0
Thread model: posix
InstalledDir: /Applications/Xcode.app/Contents/Developer/Toolchains/XcodeDefault.xctoolchain/usr/bin
configure:2149: $? = 0
configure:2156: gcc -v >&5
Configured with: --prefix=/Applications/Xcode.app/Contents/Developer/usr --with-gxx-include-dir=/usr/include/c++/4.2.1
Apple LLVM version 8.1.0 (clang-802.0.42)
Target: x86_64-apple-darwin16.5.0
Thread model: posix
InstalledDir: /Applications/Xcode.app/Contents/Developer/Toolchains/XcodeDefault.xctoolchain/usr/bin
configure:2159: $? = 0
configure:2166: gcc -V >&5
clang: error: argument to '-V' is missing (expected 1 value)
clang: error: no input files
configure:2169: $? = 1
configure:2192: checking for C compiler default output file name
configure:2219: gcc    conftest.c  >&5
configure:2222: $? = 0
configure:2260: result: a.out
configure:2277: checking whether the C compiler works
configure:2287: ./a.out
configure:2290: $? = 0
configure:2307: result: yes
configure:2314: checking whether we are cross compiling
configure:2316: result: no
configure:2319: checking for suffix of executables
configure:2326: gcc -o conftest    conftest.c  >&5
configure:2329: $? = 0
configure:2353: result: 
configure:2359: checking for suffix of object files
configure:2385: gcc -c   conftest.c >&5
configure:2388: $? = 0
configure:2411: result: o
configure:2415: checking whether we are using the GNU C compiler
configure:2444: gcc -c   conftest.c >&5
configure:2450: $? = 0
configure:2467: result: yes
configure:2472: checking whether gcc accepts -g
configure:2502: gcc -c -g  conftest.c >&5
configure:2508: $? = 0
configure:2607: result: yes
configure:2624: checking for gcc option to accept ISO C89
configure:2698: gcc  -c -g -O2  conftest.c >&5
configure:2704: $? = 0
configure:2727: result: none needed
configure:2776: checking for a BSD-compatible install
configure:2832: result: /usr/local/bin/ginstall -c
configure:2848: checking for strerror
configure:2904: gcc -o conftest -g -O2 -pipe -Wno-unused -Wshadow -Wbad-function-cast -Wmissing-prototypes -Wstrict-prototypes -Wcast-align -Wcast-qual -Wpointer-arith -Wcast-align -Wwrite-strings -Wmissing-declarations -Wnested-externs -Wundef -pedantic -fno-common   -g conftest.c  >&5
conftest.c:31:6: warning: incompatible redeclaration of library function 'strerror' [-Wincompatible-library-redeclaration]
char strerror ();
     ^
conftest.c:31:6: note: 'strerror' is a builtin with type 'char *(int)'
1 warning generated.
configure:2910: $? = 0
configure:2928: result: yes
configure:2938: checking for library containing regcomp
configure:2979: gcc -o conftest -g -O2 -pipe -Wno-unused -Wshadow -Wbad-function-cast -Wmissing-prototypes -Wstrict-prototypes -Wcast-align -Wcast-qual -Wpointer-arith -Wcast-align -Wwrite-strings -Wmissing-declarations -Wnested-externs -Wundef -pedantic -fno-common   -g conftest.c  >&5
configure:2985: $? = 0
configure:3013: result: none required
configure:3022: checking for broken realloc
configure:3060: gcc -o conftest -g -O2 -pipe -Wno-unused -Wshadow -Wbad-function-cast -Wmissing-prototypes -Wstrict-prototypes -Wcast-align -Wcast-qual -Wpointer-arith -Wcast-align -Wwrite-strings -Wmissing-declarations -Wnested-externs -Wundef -pedantic -fno-common   -g conftest.c  >&5
configure:3063: $? = 0
configure:3069: ./conftest
configure:3072: $? = 0
configure:3074: result: no
configure:3096: checking for msgfmt
configure:3124: result: no
configure:4112: creating ./config.status

## ---------------------- ##
## Running config.status. ##
## ---------------------- ##

This file was extended by config.status, which was
generated by GNU Autoconf 2.61.  Invocation command line was

  CONFIG_FILES    = 
  CONFIG_HEADERS  = 
  CONFIG_LINKS    = 
  CONFIG_COMMANDS = 
  $ ./config.status 

on sbdeMacBook-Pro.local

config.status:614: creating Makefile
config.status:614: creating diction.1
config.status:614: creating diction.texi
config.status:614: creating diction.spec
config.status:614: creating style.1
config.status:614: creating test/rundiction
config.status:614: creating config.h

## ---------------- ##
## Cache variables. ##
## ---------------- ##

ac_cv_build=i386-apple-darwin16.5.0
ac_cv_c_compiler_gnu=yes
ac_cv_env_CC_set=
ac_cv_env_CC_value=
ac_cv_env_CFLAGS_set=
ac_cv_env_CFLAGS_value=
ac_cv_env_CPPFLAGS_set=
ac_cv_env_CPPFLAGS_value=
ac_cv_env_CPP_set=
ac_cv_env_CPP_value=
ac_cv_env_LDFLAGS_set=
ac_cv_env_LDFLAGS_value=
ac_cv_env_LIBS_set=
ac_cv_env_LIBS_value=
ac_cv_env_build_alias_set=
ac_cv_env_build_alias_value=
ac_cv_env_host_alias_set=
ac_cv_env_host_alias_value=
ac_cv_env_target_alias_set=
ac_cv_env_target_alias_value=
ac_cv_func_strerror=yes
ac_cv_host=i386-apple-darwin16.5.0
ac_cv_objext=o
ac_cv_path_install='/usr/local/bin/ginstall -c'
ac_cv_prog_MSGFMT=no
ac_cv_prog_ac_ct_CC=gcc
ac_cv_prog_cc_c89=
ac_cv_prog_cc_g=yes
ac_cv_search_regcomp='none required'

## ----------------- ##
## Output variables. ##
## ----------------- ##

CC='gcc'
CFLAGS='-g -O2 -pipe -Wno-unused -Wshadow -Wbad-function-cast -Wmissing-prototypes -Wstrict-prototypes -Wcast-align -Wcast-qual -Wpointer-arith -Wcast-align -Wwrite-strings -Wmissing-declarations -Wnested-externs -Wundef -pedantic -fno-common'
CPP=''
CPPFLAGS=''
DATADIR='${prefix}/share'
DEFS='-DHAVE_CONFIG_H'
ECHO_C='ECHO_N=''
ECHO_T=''
EGREP=''
EXEEXT=''
GREP=''
INSTALL_DATA='${INSTALL} -m 644'
INSTALL_PROGRAM='${INSTALL}'
INSTALL_SCRIPT='${INSTALL}'
LDFLAGS=' -g'
LIBOBJS=''
LIBS=''
LTLIBOBJS=''
MSGFMT='no'
OBJEXT='o'
PACKAGE_BUGREPORT=''
PACKAGE_NAME=''
PACKAGE_STRING=''
PACKAGE_TARNAME=''
PACKAGE_VERSION=''
PATH_SEPARATOR=':'
SHELL='/bin/sh'
UPDATED='August 30th, 2007'
USE_NLS='no'
VALGRIND=''
VERSION='1.11'
ac_ct_CC='gcc'
bindir='${exec_prefix}/bin'
build='i386-apple-darwin16.5.0'
build_alias=''
build_cpu='i386'
build_os='darwin16.5.0'
build_vendor='apple'
datadir='${datarootdir}'
datarootdir='${prefix}/share'
docdir='${datarootdir}/doc/${PACKAGE}'
dvidir='${docdir}'
exec_prefix='${prefix}'
host='i386-apple-darwin16.5.0'
host_alias=''
host_cpu='i386'
host_os='darwin16.5.0'
host_vendor='apple'
htmldir='${docdir}'
includedir='${prefix}/include'
infodir='${datarootdir}/info'
libdir='${exec_prefix}/lib'
libexecdir='${exec_prefix}/libexec'
localedir='${datarootdir}/locale'
localstatedir='${prefix}/var'
mandir='${datarootdir}/man'
oldincludedir='/usr/include'
pdfdir='${docdir}'
prefix='/usr/local'
program_transform_name='s,x,x,'
psdir='${docdir}'
sbindir='${exec_prefix}/sbin'
sharedstatedir='${prefix}/com'
sysconfdir='${prefix}/etc'
target_alias=''

## ----------- ##
## confdefs.h. ##
## ----------- ##

#define PACKAGE_NAME ""
#define PACKAGE_TARNAME ""
#define PACKAGE_VERSION ""
#define PACKAGE_STRING ""
#define PACKAGE_BUGREPORT ""
#define HAVE_STRERROR 1
#define VERSION "1.11"

configure: exit 0
